2023-06-13 14:48:38,379 INFO o.s.b.StartupInfoLogger [restartedMain] Starting JdbcJpaApplication using Java 17.0.7 with PID 14078 (/home/mohd/Downloads/Jdbc_Jpa/target/classes started by mohd in /home/mohd/Downloads/Jdbc_Jpa)
2023-06-13 14:48:38,382 DEBUG o.s.b.StartupInfoLogger [restartedMain] Running with Spring Boot v3.1.0, Spring v6.0.9
2023-06-13 14:48:38,383 INFO o.s.b.SpringApplication [restartedMain] No active profile set, falling back to 1 default profile: "default"
2023-06-13 14:48:38,401 INFO o.s.b.l.DeferredLog [restartedMain] Devtools property defaults active! Set 'spring.devtools.add-properties' to 'false' to disable
2023-06-13 14:48:38,401 INFO o.s.b.l.DeferredLog [restartedMain] For additional web related logging consider setting the 'logging.level.web' property to 'DEBUG'
2023-06-13 14:48:38,674 INFO o.s.d.r.c.RepositoryConfigurationDelegate [restartedMain] Bootstrapping Spring Data JPA repositories in DEFAULT mode.
2023-06-13 14:48:38,702 INFO o.s.d.r.c.RepositoryConfigurationDelegate [restartedMain] Finished Spring Data repository scanning in 23 ms. Found 1 JPA repository interfaces.
2023-06-13 14:48:38,985 INFO o.s.b.w.e.t.TomcatWebServer [restartedMain] Tomcat initialized with port(s): 8080 (http)
2023-06-13 14:48:38,992 INFO o.a.j.l.DirectJDKLog [restartedMain] Initializing ProtocolHandler ["http-nio-8080"]
2023-06-13 14:48:38,993 INFO o.a.j.l.DirectJDKLog [restartedMain] Starting service [Tomcat]
2023-06-13 14:48:38,993 INFO o.a.j.l.DirectJDKLog [restartedMain] Starting Servlet engine: [Apache Tomcat/10.1.8]
2023-06-13 14:48:39,019 INFO o.a.j.l.DirectJDKLog [restartedMain] Initializing Spring embedded WebApplicationContext
2023-06-13 14:48:39,020 INFO o.s.b.w.s.c.ServletWebServerApplicationContext [restartedMain] Root WebApplicationContext: initialization completed in 618 ms
2023-06-13 14:48:39,085 INFO c.z.h.HikariDataSource [restartedMain] HikariPool-1 - Starting...
2023-06-13 14:48:39,237 INFO c.z.h.p.HikariPool [restartedMain] HikariPool-1 - Added connection com.mysql.cj.jdbc.ConnectionImpl@7c02854f
2023-06-13 14:48:39,238 INFO c.z.h.HikariDataSource [restartedMain] HikariPool-1 - Start completed.
2023-06-13 14:48:39,260 INFO o.h.j.i.u.LogHelper [restartedMain] HHH000204: Processing PersistenceUnitInfo [name: default]
2023-06-13 14:48:39,281 INFO o.h.Version [restartedMain] HHH000412: Hibernate ORM core version 6.2.2.Final
2023-06-13 14:48:39,283 INFO o.h.c.Environment [restartedMain] HHH000406: Using bytecode reflection optimizer
2023-06-13 14:48:39,337 INFO o.h.b.i.BytecodeProviderInitiator [restartedMain] HHH000021: Bytecode provider name : bytebuddy
2023-06-13 14:48:39,400 INFO o.s.o.j.p.SpringPersistenceUnitInfo [restartedMain] No LoadTimeWeaver setup: ignoring JPA class transformer
2023-06-13 14:48:39,435 INFO o.h.e.j.d.i.DialectFactoryImpl [restartedMain] HHH035001: Using dialect: org.hibernate.dialect.MySQLDialect, version: 8.0
2023-06-13 14:48:39,513 INFO o.h.b.i.BytecodeProviderInitiator [restartedMain] HHH000021: Bytecode provider name : bytebuddy
2023-06-13 14:48:39,736 INFO o.h.e.t.j.p.i.JtaPlatformInitiator [restartedMain] HHH000490: Using JtaPlatform implementation: [org.hibernate.engine.transaction.jta.platform.internal.NoJtaPlatform]
2023-06-13 14:48:39,758 INFO o.s.o.j.AbstractEntityManagerFactoryBean [restartedMain] Initialized JPA EntityManagerFactory for persistence unit 'default'
2023-06-13 14:48:39,884 WARN o.s.b.a.o.j.JpaBaseConfiguration$JpaWebConfiguration [restartedMain] spring.jpa.open-in-view is enabled by default. Therefore, database queries may be performed during view rendering. Explicitly configure spring.jpa.open-in-view to disable this warning
2023-06-13 14:48:40,023 INFO o.s.b.d.a.OptionalLiveReloadServer [restartedMain] LiveReload server is running on port 35729
2023-06-13 14:48:40,029 INFO o.a.j.l.DirectJDKLog [restartedMain] Starting ProtocolHandler ["http-nio-8080"]
2023-06-13 14:48:40,039 INFO o.s.b.w.e.t.TomcatWebServer [restartedMain] Tomcat started on port(s): 8080 (http) with context path ''
2023-06-13 14:48:40,044 INFO o.s.b.StartupInfoLogger [restartedMain] Started JdbcJpaApplication in 1.813 seconds (process running for 2.269)
2023-06-13 14:48:45,957 INFO o.a.j.l.DirectJDKLog [http-nio-8080-exec-1] Initializing Spring DispatcherServlet 'dispatcherServlet'
2023-06-13 14:48:45,957 INFO o.s.w.s.FrameworkServlet [http-nio-8080-exec-1] Initializing Servlet 'dispatcherServlet'
2023-06-13 14:48:45,958 INFO o.s.w.s.FrameworkServlet [http-nio-8080-exec-1] Completed initialization in 1 ms
2023-06-13 14:49:12,349 INFO o.s.o.j.AbstractEntityManagerFactoryBean [SpringApplicationShutdownHook] Closing JPA EntityManagerFactory for persistence unit 'default'
2023-06-13 14:49:12,354 INFO c.z.h.HikariDataSource [SpringApplicationShutdownHook] HikariPool-1 - Shutdown initiated...
2023-06-13 14:49:12,364 INFO c.z.h.HikariDataSource [SpringApplicationShutdownHook] HikariPool-1 - Shutdown completed.
